<?xml version="1.0"?>
<testsuite name="HeadlessChrome 77.0.3827 (Mac OS X 10.14.5)" package="" timestamp="2019-06-23T22:17:09" id="0" hostname="jorges-MacBook-Pro-2.local" tests="3" errors="0" failures="0" time="0.099">
  <properties>
    <property name="browser.fullName" value="Mozilla/5.0 (Macintosh; Intel Mac OS X 10_14_5) AppleWebKit/537.36 (KHTML, like Gecko) HeadlessChrome/77.0.3827.0 Safari/537.36"/>
  </properties>
  <testcase name="AppComponent should create the app" time="0.062" classname="HeadlessChrome_77_0_3827_(Mac_OS_X_10_14_5).AppComponent"/>
  <testcase name="AppComponent should have as title 'my-app'" time="0.018" classname="HeadlessChrome_77_0_3827_(Mac_OS_X_10_14_5).AppComponent"/>
  <testcase name="AppComponent should render title in a h1 tag" time="0.019" classname="HeadlessChrome_77_0_3827_(Mac_OS_X_10_14_5).AppComponent"/>
  <system-out>
    <![CDATA[
]]>
  </system-out>
  <system-err/>
</testsuite>